<?xml version="1.0" encoding="UTF-8"?>
<testng-results ignored="0" total="1" passed="1" failed="0" skipped="0">
  <reporter-output>
  </reporter-output>
  <suite started-at="2024-03-11T19:06:07 IST" name="Default suite" finished-at="2024-03-11T19:06:27 IST" duration-ms="20000">
    <groups>
    </groups>
    <test started-at="2024-03-11T19:06:07 IST" name="Default test" finished-at="2024-03-11T19:06:27 IST" duration-ms="20000">
      <class name="com.runner.TendableRunner">
        <test-method is-config="true" signature="browserStart()[pri:0, instance:com.runner.TendableRunner@34f5090e]" started-at="2024-03-11T19:06:07 IST" name="browserStart" finished-at="2024-03-11T19:06:10 IST" duration-ms="3186" status="PASS">
          <reporter-output>
          </reporter-output>
        </test-method> <!-- browserStart -->
        <test-method signature="tendableTest()[pri:0, instance:com.runner.TendableRunner@34f5090e]" started-at="2024-03-11T19:06:10 IST" name="tendableTest" finished-at="2024-03-11T19:06:26 IST" duration-ms="16771" status="PASS">
          <reporter-output>
          </reporter-output>
        </test-method> <!-- tendableTest -->
      </class> <!-- com.runner.TendableRunner -->
    </test> <!-- Default test -->
  </suite> <!-- Default suite -->
</testng-results>
